<?xml version="1.0" encoding="UTF-8"?>
<!-- Generated by org.testng.reporters.JUnitXMLReporter -->
<testsuite hostname="LAPTOP-HSGRKHEI" ignored="0" name="Test" tests="5" failures="0" timestamp="2022-06-22T16:30:59 IST" time="21.15" errors="0">
  <testcase name="getEmployeeDetails" time="14.507" classname="com.tests.GetTests"/>
  <testcase name="getEmployeeDetails" time="0.1" classname="com.tests.GetTests"/>
  <testcase name="getEmployeeDetails" time="0.06" classname="com.tests.GetTests"/>
  <testcase name="getEmployeesDetail" time="1.881" classname="com.tests.GetTests"/>
  <testcase name="verifyBasicAuth" time="4.528" classname="com.tests.GetTests"/>
</testsuite> <!-- Test -->
