<?xml version="1.0" encoding="UTF-8"?>
<testng-results skipped="0" failed="0" ignored="0" total="5" passed="5">
  <reporter-output>
  </reporter-output>
  <suite name="Suite" duration-ms="21150" started-at="2022-06-22T16:30:38 IST" finished-at="2022-06-22T16:30:59 IST">
    <groups>
    </groups>
    <test name="Test" duration-ms="21150" started-at="2022-06-22T16:30:38 IST" finished-at="2022-06-22T16:30:59 IST">
      <class name="com.tests.GetTests">
        <test-method status="PASS" signature="getEmployeeDetails(java.lang.Integer, java.lang.String)[pri:0, instance:com.tests.GetTests@61f8bee4]" name="getEmployeeDetails" duration-ms="14507" started-at="2022-06-22T16:30:38 IST" data-provider="getData" finished-at="2022-06-22T16:30:53 IST">
          <params>
            <param index="0">
              <value>
                <![CDATA[2]]>
              </value>
            </param>
            <param index="1">
              <value>
                <![CDATA[Palmer]]>
              </value>
            </param>
          </params>
          <reporter-output>
          </reporter-output>
        </test-method> <!-- getEmployeeDetails -->
        <test-method status="PASS" signature="getEmployeeDetails(java.lang.Integer, java.lang.String)[pri:0, instance:com.tests.GetTests@61f8bee4]" name="getEmployeeDetails" duration-ms="100" started-at="2022-06-22T16:30:53 IST" data-provider="getData" finished-at="2022-06-22T16:30:53 IST">
          <params>
            <param index="0">
              <value>
                <![CDATA[3]]>
              </value>
            </param>
            <param index="1">
              <value>
                <![CDATA[Smith]]>
              </value>
            </param>
          </params>
          <reporter-output>
          </reporter-output>
        </test-method> <!-- getEmployeeDetails -->
        <test-method status="PASS" signature="getEmployeeDetails(java.lang.Integer, java.lang.String)[pri:0, instance:com.tests.GetTests@61f8bee4]" name="getEmployeeDetails" duration-ms="60" started-at="2022-06-22T16:30:53 IST" data-provider="getData" finished-at="2022-06-22T16:30:53 IST">
          <params>
            <param index="0">
              <value>
                <![CDATA[753]]>
              </value>
            </param>
            <param index="1">
              <value>
                <![CDATA[Tremblay]]>
              </value>
            </param>
          </params>
          <reporter-output>
          </reporter-output>
        </test-method> <!-- getEmployeeDetails -->
        <test-method status="PASS" signature="getEmployeesDetail()[pri:0, instance:com.tests.GetTests@61f8bee4]" name="getEmployeesDetail" duration-ms="1881" started-at="2022-06-22T16:30:53 IST" finished-at="2022-06-22T16:30:55 IST">
          <reporter-output>
          </reporter-output>
        </test-method> <!-- getEmployeesDetail -->
        <test-method status="PASS" signature="verifyBasicAuth()[pri:0, instance:com.tests.GetTests@61f8bee4]" name="verifyBasicAuth" duration-ms="4528" started-at="2022-06-22T16:30:55 IST" finished-at="2022-06-22T16:30:59 IST">
          <reporter-output>
          </reporter-output>
        </test-method> <!-- verifyBasicAuth -->
      </class> <!-- com.tests.GetTests -->
    </test> <!-- Test -->
  </suite> <!-- Suite -->
</testng-results>
