<?xml version="1.0" encoding="UTF-8"?>
<testsuite xmlns:xsi="http://www.w3.org/2001/XMLSchema-instance" xsi:noNamespaceSchemaLocation="https://maven.apache.org/surefire/maven-surefire-plugin/xsd/surefire-test-report-3.0.xsd" version="3.0" name="TestSuite" time="30.363" tests="5" errors="0" skipped="0" failures="0">
  <properties>
[...]
</properties>
  <testcase name="getEmployeeDetails[2, Palmer](1)" classname="com.tests.GetTests" time="14.538">
    <system-out><![CDATA[[
    {
        "id": 2,
        "first_name": "Steve",
        "last_name": "Palmer",
        "email": "steve@codingthesmartway.com"
    }
]
]]></system-out>
  </testcase>
  <testcase name="getEmployeeDetails[3, Smith](2)" classname="com.tests.GetTests" time="0.082">
    <system-out><![CDATA[[
    {
        "id": 3,
        "first_name": "Ann",
        "last_name": "Smith",
        "email": "ann@codingthesmartway.com"
    }
]
]]></system-out>
  </testcase>
  <testcase name="getEmployeeDetails[753, Tremblay](3)" classname="com.tests.GetTests" time="0.068">
    <system-out><![CDATA[[
    {
        "first_name": "Lowell",
        "last_name": "Tremblay",
        "email": "Connie.Tremblay99@gmail.com",
        "id": 753
    }
]
]]></system-out>
  </testcase>
  <testcase name="getEmployeesDetail" classname="com.tests.GetTests" time="8.134">
    <system-out><![CDATA[Request method:	GET
Request URI:	http://192.168.1.6:3000/employees
Proxy:			<none>
Request params:	<none>
Query params:	<none>
Form params:	<none>
Path params:	<none>
Headers:		Accept=*/*
Cookies:		<none>
Multiparts:		<none>
Body:			<none>
[
    {
        "id": 1,
        "first_name": "Sebastian",
        "last_name": "Eschweiler",
        "email": "sebastian@codingthesmartway.com"
    },
    {
        "id": 2,
        "first_name": "Steve",
        "last_name": "Palmer",
        "email": "steve@codingthesmartway.com"
    },
    {
        "id": 3,
        "first_name": "Ann",
        "last_name": "Smith",
        "email": "ann@codingthesmartway.com"
    },
    {
        "id": 752,
        "first_name": "Jean",
        "last_name": "Windler",
        "email": "Annette72@yahoo.com"
    },
    {
        "first_name": "Lowell",
        "last_name": "Tremblay",
        "email": "Connie.Tremblay99@gmail.com",
        "id": 753
    },
    {
        "first_name": "Tatyana",
        "last_name": "Will",
        "email": "Domingo.Watsica@hotmail.com",
        "id": 754
    },
    {
        "first_name": "Maximillian",
        "last_name": "Casper",
        "email": "Derek.Koss@gmail.com",
        "id": 755
    },
    {
        "id": 756
    },
    {
        "first_name": "Ram",
        "last_name": "Krishna",
        "email": "abc@gmail.com",
        "id": 757
    },
    {
        "first_name": "Ram",
        "last_name": "Krishna",
        "email": "abc@gmail.com",
        "id": 758
    },
    {
        "firstName": "Dennise",
        "lastName": "Connelly",
        "id": 759
    },
    {
        "first_name": "Ram",
        "last_name": "Krishna",
        "email": "abc@gmail.com",
        "id": 760
    },
    {
        "first_name": "Ram",
        "last_name": "Krishna",
        "email": "abc@gmail.com",
        "id": 761
    },
    {
        "id": 36,
        "first_name": "Krish",
        "last_name": "Harber",
        "email": "abc@gmail.com"
    },
    {
        "id": 25,
        "first_name": "Audrie",
        "last_name": "Shanahan",
        "email": "asdf@gmail.com",
        "jobs": [
            "Tester",
            "Trainer"
        ],
        "food": {
            "lunch": "rice",
            "breakfast": "Idly",
            "dinner": [
                "Chappathi",
                "Milk"
            ]
        }
    },
    {
        "id": 301,
        "first_name": "Marco",
        "last_name": "Lemke",
        "email": "asdf@gmail.com",
        "jobs": [
            "Tester",
            "Trainer"
        ],
        "food": {
            "lunch": "rice",
            "breakfast": "Idly",
            "dinner": [
                "Chappathi",
                "Milk"
            ]
        }
    },
    {
        "jobs": [
            "Tester",
            "Trainer"
        ],
        "last_name": "Ernser",
        "id": 418,
        "first_name": "Meda",
        "email": "asdf@gmail.com",
        "food": {
            "lunch": [
                "Chappathi",
                "Milk"
            ],
            "breakfast": "Idly"
        }
    },
    {
        "jobs": [
            "Tester",
            "Trainer"
        ],
        "last_name": "Harvey",
        "id": 197,
        "first_name": "Lacey",
        "email": "asdf@gmail.com",
        "food": {
            "lunch": "rice",
            "breakfast": "Idly",
            "dinner": [
                "Chappathi",
                "Milk"
            ]
        }
    },
    {
        "jobs": [
            "Tester",
            "Trainer"
        ],
        "last_name": "Olson",
        "id": 317,
        "first_name": "Thomas",
        "email": [
            "asdf@gmail.com",
            "acvfg@gmail.com"
        ],
        "food": {
            "lunch": "rice",
            "breakfast": "Idly",
            "dinner": [
                "Chappathi",
                "Milk"
            ]
        }
    },
    {
        "id": 83,
        "firstName": "Berry",
        "lastName": "Bogisich",
        "email": "krishna@gmail.com"
    },
    {
        "id": 30,
        "firstName": "Werner",
        "lastName": "Walter",
        "email": "krishna@gmail.com",
        "favfood": {
            "breakfast": "Idly",
            "lunch": "Rice",
            "dinner": "Chappathi"
        }
    },
    {
        "id": 63,
        "firstName": "Wynell",
        "lastName": "Gleichner",
        "email": "krishna@gmail.com",
        "jobs": [
            "Tester",
            "Trainer"
        ],
        "favfood": {
            "breakfast": "Idly",
            "lunch": "Rice",
            "dinner": [
                "Chappathi",
                "Milk"
            ]
        }
    },
    {
        "id": 39,
        "firstName": "Andrew",
        "lastName": "Langworth",
        "email": "krishna@gmail.com",
        "jobs": [
            "Tester",
            "Trainer"
        ],
        "favfood": {
            "breakfast": "",
            "lunch": "Rice",
            "dinner": [
                "Chappathi",
                "Milk"
            ]
        }
    },
    {
        "id": 75,
        "firstName": "Harvey",
        "lastName": "Wiegand",
        "email": "krishna@gmail.com",
        "jobs": [
            "Tester",
            "Trainer"
        ],
        "favfood": {
            "lunch": "Rice",
            "dinner": [
                "Chappathi",
                "Milk"
            ]
        }
    },
    {
        "id": 78,
        "firstName": "Claudine",
        "lastName": "Konopelski",
        "email": "krishna@gmail.com",
        "jobs": [
            "Tester",
            "Trainer"
        ],
        "favfood": {
            "dinner": [
                "Chappathi",
                "Milk"
            ]
        }
    },
    {
        "id": 49,
        "firstName": "Clarisa",
        "lastName": "Macejkovic",
        "email": "krishna@gmail.com",
        "jobs": [
            "Tester",
            "Trainer"
        ],
        "favfood": {
            "breakfast": "Idly",
            "lunch": "Rice",
            "dinner": [
                "Chappathi",
                "Milk"
            ]
        }
    },
    {
        "id": 33,
        "firstName": "John",
        "lastName": "Ledner",
        "email": "krishna@gmail.com",
        "jobs": [
            "Tester",
            "Trainer"
        ],
        "favfood": {
            "breakfast": "Idly",
            "lunch": "Rice"
        }
    },
    {
        "id": 100,
        "firstName": "Sam",
        "lastName": "Bartoletti",
        "email": "krishna@gmail.com",
        "jobs": [
            "Tester",
            "Trainer"
        ],
        "favfood": {
            "breakfast": "Idly",
            "lunch": "Rice"
        }
    },
    {
        "id": 101,
        "firstName": "Jewel",
        "lastName": "O'Conner",
        "email": "krishna@gmail.com",
        "jobs": [
            "Tester",
            "Trainer"
        ],
        "favfood": {
            "breakfast": "Idly",
            "lunch": "Rice"
        }
    },
    {
        "id": 102,
        "firstName": "Rayford",
        "lastName": "Zboncak",
        "email": "krishna@gmail.com",
        "jobs": [
            "Tester",
            "Trainer"
        ],
        "favfood": {
            "breakfast": "Idly",
            "lunch": "Rice"
        }
    },
    {
        "id": 103,
        "firstName": "Rolland",
        "lastName": "Rohan",
        "email": "krishna@gmail.com",
        "jobs": [
            "Tester",
            "Trainer"
        ],
        "favfood": {
            "breakfast": "Idly",
            "lunch": "Rice"
        }
    },
    {
        "id": 104,
        "firstName": "Selma",
        "lastName": "McKenzie",
        "email": "krishna@gmail.com",
        "jobs": [
            "Tester",
            "Trainer"
        ],
        "favfood": {
            "breakfast": "Idly",
            "lunch": "Rice"
        }
    },
    {
        "id": 105,
        "firstName": "Yen",
        "lastName": "Satterfield",
        "email": "krishna@gmail.com",
        "jobs": [
            "Tester",
            "Trainer"
        ],
        "favfood": {
            "breakfast": "Idly",
            "lunch": "Rice"
        }
    },
    {
        "id": 106,
        "firstName": "Marquis",
        "lastName": "DuBuque",
        "email": "krishna@gmail.com",
        "jobs": [
            "Tester",
            "Trainer"
        ],
        "favfood": {
            "breakfast": "Idly",
            "lunch": "Rice"
        }
    },
    {
        "id": 107,
        "firstName": "Deneen",
        "lastName": "Bins",
        "email": "krishna@gmail.com",
        "jobs": [
            "Tester",
            "Trainer"
        ],
        "favfood": {
            "breakfast": "Idly",
            "lunch": "Rice"
        }
    },
    {
        "id": 108,
        "firstName": "Jerrod",
        "lastName": "Beatty",
        "email": "krishna@gmail.com",
        "jobs": [
            "Tester",
            "Trainer"
        ],
        "favfood": {
            "breakfast": "Idly",
            "lunch": "Rice"
        }
    },
    {
        "id": 109,
        "firstName": "Chiquita",
        "lastName": "Weimann",
        "email": "krishna@gmail.com",
        "jobs": [
            "Tester",
            "Trainer"
        ],
        "favfood": {
            "breakfast": "Idly",
            "lunch": "Rice"
        }
    },
    {
        "id": 5,
        "firstName": "Micheal",
        "lastName": "Jordan",
        "email": "m.jordan@gmail.com"
    },
    {
        "id": 1013,
        "firstName": "Johnny",
        "lastName": "Morar",
        "email": "Stella.Parisian@Gmail.com"
    },
    {
        "id": 1491,
        "firstName": "Porter",
        "lastName": "Armstrong",
        "email": "Angele.Wintheiser@Gmail.com"
    },
    {
        "1302": "1302",
        "first_name": "Vito",
        "last_name": "Dickens",
        "email": "abc@gmail.com",
        "jobs": [
            "Freelancer",
            "Lead Tester"
        ],
        "foods": {
            "breakfast": "Idly",
            "lunch": " Rice",
            "dinner": [
                "Chappathi",
                "Milk"
            ]
        },
        "id": 1492
    },
    {
        "id": "1432",
        "first_name": "Florence",
        "last_name": "Moen",
        "email": "abc@gmail.com",
        "jobs": [
            "Freelancer",
            "Lead Tester"
        ],
        "foods": {
            "breakfast": "Idly",
            "lunch": " Rice",
            "dinner": [
                "Chappathi",
                "Milk"
            ]
        }
    },
    {
        "id": "1230",
        "first_name": "Lydia",
        "last_name": "Reilly",
        "email": "abc@gmail.com",
        "jobs": [
            "Freelancer",
            "Lead Tester"
        ],
        "foods": {
            "breakfast": "Idly",
            "lunch": " Rice",
            "dinner": [
                "Chappathi",
                "Milk"
            ]
        }
    },
    {
        "id": "1155",
        "first_name": "Cathey",
        "last_name": "Nolan",
        "email": "abc@gmail.com",
        "jobs": [
            "Freelancer",
            "Lead Tester"
        ],
        "foods": {
            "breakfast": "Idly",
            "lunch": " Rice",
            "dinner": [
                "Chappathi",
                "Milk"
            ]
        }
    },
    {
        "id": "1912",
        "first_name": "Korey",
        "last_name": "Mante",
        "email": "abc@gmail.com",
        "jobs": [
            "Freelancer",
            "Lead Tester"
        ],
        "foods": {
            "breakfast": "Idly",
            "lunch": " Rice",
            "dinner": [
                "Chappathi",
                "Milk"
            ]
        }
    },
    {
        "id": "1716",
        "first_name": "Necole",
        "last_name": "Rippin",
        "email": "abc@gmail.com",
        "jobs": [
            "Freelancer",
            "Lead Tester"
        ],
        "foods": {
            "breakfast": "Idly",
            "lunch": " Rice",
            "dinner": [
                "Chappathi",
                "Milk"
            ]
        }
    },
    {
        "id": "1233",
        "first_name": "Alexander",
        "last_name": "Blick",
        "email": "abc@gmail.com",
        "jobs": [
            "Freelancer",
            "Lead Tester"
        ],
        "foods": {
            "breakfast": "Idly",
            "lunch": " Rice",
            "dinner": [
                "Chappathi",
                "Milk"
            ]
        }
    },
    {
        "id": 1973,
        "firstName": "Ed",
        "lastName": "Armstrong",
        "email": "Pearlene.Feest@Gmail.com"
    },
    {
        "id": "1162",
        "first_name": "Micheal",
        "last_name": "Hansen",
        "email": "abc@gmail.com",
        "jobs": [
            "Freelancer",
            "Lead Tester"
        ],
        "foods": {
            "breakfast": "Idly",
            "lunch": " Rice",
            "dinner": [
                "Chappathi",
                "Milk"
            ]
        }
    },
    {
        "id": "1851",
        "first_name": "Ruben",
        "last_name": "Bartoletti",
        "email": "abc@gmail.com",
        "jobs": [
            "Freelancer",
            "Lead Tester"
        ],
        "foods": {
            "breakfast": "Idly",
            "lunch": " Rice",
            "dinner": [
                "Chappathi",
                "Milk"
            ]
        }
    },
    {
        "id": 1148,
        "firstName": "Herman",
        "lastName": "Luettgen",
        "email": "Lajuana.Runolfsdottir@Gmail.com"
    },
    {
        "id": "1546",
        "first_name": "Kenda",
        "last_name": "Raynor",
        "email": "abc@gmail.com",
        "jobs": [
            "Freelancer",
            "Lead Tester"
        ],
        "foods": {
            "breakfast": "Idly",
            "lunch": " Rice",
            "dinner": [
                "Chappathi",
                "Milk"
            ]
        }
    },
    {
        "id": "1282",
        "first_name": "Jonah",
        "last_name": "Goldner",
        "email": "abc@gmail.com",
        "jobs": [
            "Freelancer",
            "Lead Tester"
        ],
        "foods": {
            "breakfast": "Idly",
            "lunch": " Rice",
            "dinner": [
                "Chappathi",
                "Milk"
            ]
        }
    },
    {
        "id": "1703",
        "first_name": "Curt",
        "last_name": "Hartmann",
        "email": "abc@gmail.com",
        "jobs": [
            "Freelancer",
            "Lead Tester"
        ],
        "foods": {
            "breakfast": "Idly",
            "lunch": " Rice",
            "dinner": [
                "Chappathi",
                "Milk"
            ]
        }
    },
    {
        "id": "1401",
        "first_name": "Eryn",
        "last_name": "Crist",
        "email": "abc@gmail.com",
        "jobs": [
            "Freelancer",
            "Lead Tester"
        ],
        "foods": {
            "breakfast": "Idly",
            "lunch": " Rice",
            "dinner": [
                "Chappathi",
                "Milk"
            ]
        }
    },
    {
        "id": "1032",
        "first_name": "Valentin",
        "last_name": "Wiza",
        "email": "abc@gmail.com",
        "jobs": [
            "Freelancer",
            "Lead Tester"
        ],
        "foods": {
            "breakfast": "Idly",
            "lunch": " Rice",
            "dinner": [
                "Chappathi",
                "Milk"
            ]
        }
    },
    {
        "id": 1431,
        "firstName": "Clarence",
        "lastName": "Jacobi",
        "email": "Charlyn.Rowe@Gmail.com"
    },
    {
        "id": "1913",
        "first_name": "Corey",
        "last_name": "Wolff",
        "email": "abc@gmail.com",
        "jobs": [
            "Freelancer",
            "Lead Tester"
        ],
        "foods": {
            "breakfast": "Idly",
            "lunch": " Rice",
            "dinner": [
                "Chappathi",
                "Milk"
            ]
        }
    },
    {
        "id": "1150",
        "first_name": "Lincoln",
        "last_name": "Reilly",
        "email": "abc@gmail.com",
        "jobs": [
            "Freelancer",
            "Lead Tester"
        ],
        "foods": {
            "breakfast": "Idly",
            "lunch": " Rice",
            "dinner": [
                "Chappathi",
                "Milk"
            ]
        }
    },
    {
        "id": 1119,
        "firstName": "Leonia",
        "lastName": "Schiller",
        "email": "Melody.Wisoky@Gmail.com"
    },
    {
        "id": "1105",
        "first_name": "Kandra",
        "last_name": "Klocko",
        "email": "abc@gmail.com",
        "jobs": [
            "Freelancer",
            "Lead Tester"
        ],
        "foods": {
            "breakfast": "Idly",
            "lunch": " Rice",
            "dinner": [
                "Chappathi",
                "Milk"
            ]
        }
    },
    {
        "id": "1644",
        "first_name": "Genevie",
        "last_name": "Keebler",
        "email": "abc@gmail.com",
        "jobs": [
            "Freelancer",
            "Lead Tester"
        ],
        "foods": {
            "breakfast": "Idly",
            "lunch": " Rice",
            "dinner": [
                "Chappathi",
                "Milk"
            ]
        }
    },
    {
        "id": 1619,
        "firstName": "Jean",
        "lastName": "Green",
        "email": "Keri.Bashirian@Gmail.com"
    },
    {
        "id": "1281",
        "first_name": "Marilee",
        "last_name": "Lebsack",
        "email": "abc@gmail.com",
        "jobs": [
            "Freelancer",
            "Lead Tester"
        ],
        "foods": {
            "breakfast": "Idly",
            "lunch": " Rice",
            "dinner": [
                "Chappathi",
                "Milk"
            ]
        }
    },
    {
        "id": "1216",
        "first_name": "Dan",
        "last_name": "Gusikowski",
        "email": "abc@gmail.com",
        "jobs": [
            "Freelancer",
            "Lead Tester"
        ],
        "foods": {
            "breakfast": "Idly",
            "lunch": " Rice",
            "dinner": [
                "Chappathi",
                "Milk"
            ]
        }
    },
    {
        "id": 1224,
        "firstName": "Jared",
        "lastName": "Romaguera",
        "email": "Alonso.Parker@Gmail.com"
    },
    {
        "id": "1837",
        "first_name": "Oren",
        "last_name": "Simonis",
        "email": "abc@gmail.com",
        "jobs": [
            "Freelancer",
            "Lead Tester"
        ],
        "foods": {
            "breakfast": "Idly",
            "lunch": " Rice",
            "dinner": [
                "Chappathi",
                "Milk"
            ]
        }
    },
    {
        "id": "1350",
        "first_name": "Caitlin",
        "last_name": "Schmitt",
        "email": "abc@gmail.com",
        "jobs": [
            "Freelancer",
            "Lead Tester"
        ],
        "foods": {
            "breakfast": "Idly",
            "lunch": " Rice",
            "dinner": [
                "Chappathi",
                "Milk"
            ]
        }
    }
]
]]></system-out>
  </testcase>
  <testcase name="verifyBasicAuth" classname="com.tests.GetTests" time="0.005">
    <system-out><![CDATA[{
    "authenticated": true
}
]]></system-out>
  </testcase>
</testsuite>